To honour the JVM settings for this build a single-use Daemon process will be forked. For more on this, please refer to https://docs.gradle.org/8.12/userguide/gradle_daemon.html#sec:disabling_the_daemon in the Gradle documentation.
Daemon will be stopped at the end of the build 
> Task :clean
> Task :compileJava
> Task :processResources
> Task :classes
> Task :compileTestJava
> Task :processTestResources
> Task :testClasses

> Task :test

TestCanvas2D > testTextAlignDetailed() FAILED
    org.opentest4j.AssertionFailedError at TestCanvas2D.java:129

TestCanvas2D > testPath2DIsPointInPath() FAILED
    org.mozilla.javascript.EcmaError at TestCanvas2D.java:2165

TestCanvas2D > testMaxWidthScaling() FAILED
    org.opentest4j.AssertionFailedError at TestCanvas2D.java:129

TestCanvas2D > testMaxWidthEdgeCases() FAILED
    org.opentest4j.AssertionFailedError at TestCanvas2D.java:129

TestCanvas2D > testTextBaselineDetailed() FAILED
    org.opentest4j.AssertionFailedError at TestCanvas2D.java:129

TestFontFace > testFontFaceLoading() FAILED
    org.mozilla.javascript.EcmaError at TestFontFace.java:40

TestFontLoading > testFontFace() FAILED
    java.util.NoSuchElementException at TestFontLoading.java:132

TestGraal > testGraalCanvas() FAILED
    java.lang.IllegalArgumentException at TestGraal.java:37

TestRhino > testRhinoPath() FAILED
    java.util.concurrent.TimeoutException at TestRhino.java:98

TestSharedWorker > testSharedWorkerWithImageBitmap() FAILED
    org.opentest4j.AssertionFailedError at TestSharedWorker.java:126

TestSharedWorker > testSharedWorkerBasicCommunication() FAILED
    org.opentest4j.AssertionFailedError at TestSharedWorker.java:126

TestSharedWorker > testSharedWorkerMultipleConnections() FAILED
    org.opentest4j.AssertionFailedError at TestSharedWorker.java:126

TestSharedWorker > testSharedWorkerTermination() FAILED
    org.opentest4j.AssertionFailedError at TestSharedWorker.java:126

TestSharedWorker > testMessagePortCommunication() FAILED
    org.opentest4j.AssertionFailedError at TestSharedWorker.java:126

TestWorker > testWorkerDrawing() FAILED
    org.opentest4j.AssertionFailedError at TestWorker.java:105

163 tests completed, 15 failed

> Task :test FAILED

FAILURE: Build failed with an exception.

* What went wrong:
Execution failed for task ':test'.
> There were failing tests. See the report at: file:///C:/wip/w3canvas/javacanvas/build/reports/tests/test/index.html

* Try:
> Run with --scan to get full insights.

BUILD FAILED in 3m 36s
6 actionable tasks: 6 executed
