To honour the JVM settings for this build a single-use Daemon process will be forked. For more on this, please refer to https://docs.gradle.org/8.12/userguide/gradle_daemon.html#sec:disabling_the_daemon in the Gradle documentation.
Daemon will be stopped at the end of the build 
> Task :compileJava UP-TO-DATE
> Task :processResources UP-TO-DATE
> Task :classes UP-TO-DATE
> Task :compileTestJava UP-TO-DATE
> Task :processTestResources UP-TO-DATE
> Task :testClasses UP-TO-DATE

> Task :test

TestGraalWorker > testGraalWorkerCreation() FAILED
    java.lang.IllegalArgumentException at TestGraalWorker.java:49

TestGraalWorker > testGraalRuntimeEventLoop() FAILED
    java.lang.IllegalArgumentException at TestGraalWorker.java:92

TestGraalWorker > testGraalRuntimePropertyAccess() FAILED
    java.lang.IllegalArgumentException at TestGraalWorker.java:138

TestGraalWorker > testGraalWorkerMessagePosting() FAILED
    java.lang.IllegalArgumentException at TestGraalWorker.java:64

TestGraalWorker > testGraalSharedWorkerBasicCommunication() FAILED
    java.lang.IllegalArgumentException at TestGraalWorker.java:158

TestGraalWorker > testGraalSharedWorkerMultipleConnections() FAILED
    java.lang.IllegalArgumentException at TestGraalWorker.java:201

TestGraalWorker > testGraalSharedWorkerTermination() FAILED
    java.lang.IllegalArgumentException at TestGraalWorker.java:257

TestGraalWorker > testGraalRuntimeBasicExecution() FAILED
    java.lang.IllegalArgumentException at TestGraalWorker.java:119

8 tests completed, 8 failed

> Task :test FAILED

FAILURE: Build failed with an exception.

* What went wrong:
Execution failed for task ':test'.
> There were failing tests. See the report at: file:///C:/wip/w3canvas/javacanvas/build/reports/tests/test/index.html

* Try:
> Run with --scan to get full insights.

BUILD FAILED in 10s
5 actionable tasks: 1 executed, 4 up-to-date
