To honour the JVM settings for this build a single-use Daemon process will be forked. For more on this, please refer to https://docs.gradle.org/8.12/userguide/gradle_daemon.html#sec:disabling_the_daemon in the Gradle documentation.
Daemon will be stopped at the end of the build 
> Task :clean
> Task :compileJava
> Task :processResources
> Task :classes
> Task :compileTestJava
> Task :processTestResources
> Task :testClasses

> Task :test

PureJavaFXFontTest > testFillTextPure() FAILED
    java.lang.RuntimeException at WaitForAsyncUtils.java:301
        Caused by: java.lang.UnsupportedClassVersionError at ClassLoader.java:-2

PureJavaFXFontTest > testCreateJavaFXFont() FAILED
    java.lang.RuntimeException at WaitForAsyncUtils.java:301
        Caused by: java.lang.UnsupportedClassVersionError at ClassLoader.java:-2

TestCanvas2D > testEllipse() FAILED
    java.lang.RuntimeException at WaitForAsyncUtils.java:301
        Caused by: java.lang.UnsupportedClassVersionError at ClassLoader.java:-2

TestCanvas2D > testDrawImage_3args() FAILED
    java.lang.RuntimeException at WaitForAsyncUtils.java:301
        Caused by: java.lang.UnsupportedClassVersionError at ClassLoader.java:-2

TestCanvas2D > testDrawImage_5args() FAILED
    java.lang.RuntimeException at WaitForAsyncUtils.java:301
        Caused by: java.lang.UnsupportedClassVersionError at ClassLoader.java:-2

TestCanvas2D > testDrawImage_9args() FAILED
    java.lang.RuntimeException at WaitForAsyncUtils.java:301
        Caused by: java.lang.UnsupportedClassVersionError at ClassLoader.java:-2

TestCanvas2D > testPatternFromDifferentImageSources() FAILED
    java.lang.RuntimeException at WaitForAsyncUtils.java:301
        Caused by: java.lang.UnsupportedClassVersionError at ClassLoader.java:-2

TestCanvas2D > testStrokeTextWithAlignment() FAILED
    java.lang.RuntimeException at WaitForAsyncUtils.java:301
        Caused by: java.lang.UnsupportedClassVersionError at ClassLoader.java:-2

TestCanvas2D > testTextAlignDetailed() FAILED
    java.lang.RuntimeException at WaitForAsyncUtils.java:301
        Caused by: java.lang.UnsupportedClassVersionError at ClassLoader.java:-2

TestCanvas2D > testInvalidCreateImageData() FAILED
    java.lang.RuntimeException at WaitForAsyncUtils.java:301
        Caused by: java.lang.UnsupportedClassVersionError at ClassLoader.java:-2

TestCanvas2D > testVeryLargeCoordinates() FAILED
    java.lang.RuntimeException at WaitForAsyncUtils.java:301
        Caused by: java.lang.UnsupportedClassVersionError at ClassLoader.java:-2

TestCanvas2D > testArcToFill() FAILED
    java.lang.RuntimeException at WaitForAsyncUtils.java:301
        Caused by: java.lang.UnsupportedClassVersionError at ClassLoader.java:-2

TestCanvas2D > testGlobalAlpha() FAILED
    java.lang.RuntimeException at WaitForAsyncUtils.java:301
        Caused by: java.lang.UnsupportedClassVersionError at ClassLoader.java:-2

TestCanvas2D > testPath2DIsPointInPath() FAILED
    java.lang.RuntimeException at WaitForAsyncUtils.java:301
        Caused by: java.lang.UnsupportedClassVersionError at ClassLoader.java:-2

TestCanvas2D > testModernTextProperties() FAILED
    java.lang.RuntimeException at WaitForAsyncUtils.java:301
        Caused by: java.lang.UnsupportedClassVersionError at ClassLoader.java:-2

TestCanvas2D > testGetContextAttributes() FAILED
    java.lang.RuntimeException at WaitForAsyncUtils.java:301
        Caused by: java.lang.UnsupportedClassVersionError at ClassLoader.java:-2

TestCanvas2D > testRoundRectWithSingleRadius() FAILED
    java.lang.RuntimeException at WaitForAsyncUtils.java:301
        Caused by: java.lang.UnsupportedClassVersionError at ClassLoader.java:-2

TestCanvas2D > testArc() FAILED
    java.lang.RuntimeException at WaitForAsyncUtils.java:301
        Caused by: java.lang.UnsupportedClassVersionError at ClassLoader.java:-2

TestCanvas2D > testPutImageDataWithDirtyRect() FAILED
    java.lang.RuntimeException at WaitForAsyncUtils.java:301
        Caused by: java.lang.UnsupportedClassVersionError at ClassLoader.java:-2

TestCanvas2D > testStrokeRect() FAILED
    java.lang.RuntimeException at WaitForAsyncUtils.java:301
        Caused by: java.lang.UnsupportedClassVersionError at ClassLoader.java:-2

TestCanvas2D > testStrokeText() FAILED
    java.lang.RuntimeException at WaitForAsyncUtils.java:301
        Caused by: java.lang.UnsupportedClassVersionError at ClassLoader.java:-2

TestCanvas2D > testTextAlignWithBaseline() FAILED
    java.lang.RuntimeException at WaitForAsyncUtils.java:301
        Caused by: java.lang.UnsupportedClassVersionError at ClassLoader.java:-2

TestCanvas2D > testCombinedNewFeatures() FAILED
    java.lang.RuntimeException at WaitForAsyncUtils.java:301
        Caused by: java.lang.UnsupportedClassVersionError at ClassLoader.java:-2

TestCanvas2D > testResetClearsAllState() FAILED
    java.lang.RuntimeException at WaitForAsyncUtils.java:301
        Caused by: java.lang.UnsupportedClassVersionError at ClassLoader.java:-2

TestCanvas2D > testArcTo() FAILED
    java.lang.RuntimeException at WaitForAsyncUtils.java:301
        Caused by: java.lang.UnsupportedClassVersionError at ClassLoader.java:-2

TestCanvas2D > testModernTextStateManagement() FAILED
    java.lang.RuntimeException at WaitForAsyncUtils.java:301
        Caused by: java.lang.UnsupportedClassVersionError at ClassLoader.java:-2

TestCanvas2D > testPattern() FAILED
    java.lang.RuntimeException at WaitForAsyncUtils.java:301
        Caused by: java.lang.UnsupportedClassVersionError at ClassLoader.java:-2

TestCanvas2D > testClip() FAILED
    java.lang.RuntimeException at WaitForAsyncUtils.java:301
        Caused by: java.lang.UnsupportedClassVersionError at ClassLoader.java:-2

TestCanvas2D > testFill() FAILED
    java.lang.RuntimeException at WaitForAsyncUtils.java:301
        Caused by: java.lang.UnsupportedClassVersionError at ClassLoader.java:-2

TestCanvas2D > testRect() FAILED
    java.lang.RuntimeException at WaitForAsyncUtils.java:301
        Caused by: java.lang.UnsupportedClassVersionError at ClassLoader.java:-2

TestCanvas2D > testPath2DWithStroke() FAILED
    java.lang.RuntimeException at WaitForAsyncUtils.java:301
        Caused by: java.lang.UnsupportedClassVersionError at ClassLoader.java:-2

TestCanvas2D > testTextBaseline() FAILED
    java.lang.RuntimeException at WaitForAsyncUtils.java:301
        Caused by: java.lang.UnsupportedClassVersionError at ClassLoader.java:-2

TestCanvas2D > testLineStyles() FAILED
    java.lang.RuntimeException at WaitForAsyncUtils.java:301
        Caused by: java.lang.UnsupportedClassVersionError at ClassLoader.java:-2

TestCanvas2D > testIsPointInStrokeWithArcTo() FAILED
    java.lang.RuntimeException at WaitForAsyncUtils.java:301
        Caused by: java.lang.UnsupportedClassVersionError at ClassLoader.java:-2

TestCanvas2D > testSetTransform() FAILED
    java.lang.RuntimeException at WaitForAsyncUtils.java:301
        Caused by: java.lang.UnsupportedClassVersionError at ClassLoader.java:-2

TestCanvas2D > testMaxWidthWithAlignment() FAILED
    java.lang.RuntimeException at WaitForAsyncUtils.java:301
        Caused by: java.lang.UnsupportedClassVersionError at ClassLoader.java:-2

TestCanvas2D > testDegenerateTransformZeroScale() FAILED
    java.lang.RuntimeException at WaitForAsyncUtils.java:301
        Caused by: java.lang.UnsupportedClassVersionError at ClassLoader.java:-2

TestCanvas2D > testRadialGradient() FAILED
    java.lang.RuntimeException at WaitForAsyncUtils.java:301
        Caused by: java.lang.UnsupportedClassVersionError at ClassLoader.java:-2

TestCanvas2D > testTransformations() FAILED
    java.lang.RuntimeException at WaitForAsyncUtils.java:301
        Caused by: java.lang.UnsupportedClassVersionError at ClassLoader.java:-2

TestCanvas2D > testTextAlign() FAILED
    java.lang.RuntimeException at WaitForAsyncUtils.java:301
        Caused by: java.lang.UnsupportedClassVersionError at ClassLoader.java:-2

TestCanvas2D > testMaxWidthScaling() FAILED
    java.lang.RuntimeException at WaitForAsyncUtils.java:301
        Caused by: java.lang.UnsupportedClassVersionError at ClassLoader.java:-2

TestCanvas2D > testPutImageDataWithPartialDirtyRect() FAILED
    java.lang.RuntimeException at WaitForAsyncUtils.java:301
        Caused by: java.lang.UnsupportedClassVersionError at ClassLoader.java:-2

TestCanvas2D > testLineCap() FAILED
    java.lang.RuntimeException at WaitForAsyncUtils.java:301
        Caused by: java.lang.UnsupportedClassVersionError at ClassLoader.java:-2

TestCanvas2D > testImageData() FAILED
    java.lang.RuntimeException at WaitForAsyncUtils.java:301
        Caused by: java.lang.UnsupportedClassVersionError at ClassLoader.java:-2

TestCanvas2D > testPath2DBasicShape() FAILED
    java.lang.RuntimeException at WaitForAsyncUtils.java:301
        Caused by: java.lang.UnsupportedClassVersionError at ClassLoader.java:-2

TestCanvas2D > testResetTransform() FAILED
    java.lang.RuntimeException at WaitForAsyncUtils.java:301
        Caused by: java.lang.UnsupportedClassVersionError at ClassLoader.java:-2

TestCanvas2D > testFillRect() FAILED
    java.lang.RuntimeException at WaitForAsyncUtils.java:301
        Caused by: java.lang.UnsupportedClassVersionError at ClassLoader.java:-2

TestCanvas2D > testFillText() FAILED
    java.lang.RuntimeException at WaitForAsyncUtils.java:301
        Caused by: java.lang.UnsupportedClassVersionError at ClassLoader.java:-2

TestCanvas2D > testEmptyPathFill() FAILED
    java.lang.RuntimeException at WaitForAsyncUtils.java:301
        Caused by: java.lang.UnsupportedClassVersionError at ClassLoader.java:-2

TestCanvas2D > testGlobalCompositeOperation() FAILED
    java.lang.RuntimeException at WaitForAsyncUtils.java:301
        Caused by: java.lang.UnsupportedClassVersionError at ClassLoader.java:-2

TestCanvas2D > testPath2DAddPath() FAILED
    java.lang.RuntimeException at WaitForAsyncUtils.java:301
        Caused by: java.lang.UnsupportedClassVersionError at ClassLoader.java:-2

TestCanvas2D > testIsContextLost() FAILED
    java.lang.RuntimeException at WaitForAsyncUtils.java:301
        Caused by: java.lang.UnsupportedClassVersionError at ClassLoader.java:-2

TestCanvas2D > testDrawFocusIfNeeded() FAILED
    java.lang.RuntimeException at WaitForAsyncUtils.java:301
        Caused by: java.lang.UnsupportedClassVersionError at ClassLoader.java:-2

TestCanvas2D > testCreateConicGradient() FAILED
    java.lang.RuntimeException at WaitForAsyncUtils.java:301
        Caused by: java.lang.UnsupportedClassVersionError at ClassLoader.java:-2

TestCanvas2D > testIsPointInPath() FAILED
    java.lang.RuntimeException at WaitForAsyncUtils.java:301
        Caused by: java.lang.UnsupportedClassVersionError at ClassLoader.java:-2

TestCanvas2D > testShadowProperties() FAILED
    java.lang.RuntimeException at WaitForAsyncUtils.java:301
        Caused by: java.lang.UnsupportedClassVersionError at ClassLoader.java:-2

TestCanvas2D > testImageSmoothingStateManagement() FAILED
    java.lang.RuntimeException at WaitForAsyncUtils.java:301
        Caused by: java.lang.UnsupportedClassVersionError at ClassLoader.java:-2

TestCanvas2D > testFillEvenOddRule() FAILED
    java.lang.RuntimeException at WaitForAsyncUtils.java:301
        Caused by: java.lang.UnsupportedClassVersionError at ClassLoader.java:-2

TestCanvas2D > testInvalidLineWidth() FAILED
    java.lang.RuntimeException at WaitForAsyncUtils.java:301
        Caused by: java.lang.UnsupportedClassVersionError at ClassLoader.java:-2

TestCanvas2D > testRoundRectZeroRadii() FAILED
    java.lang.RuntimeException at WaitForAsyncUtils.java:301
        Caused by: java.lang.UnsupportedClassVersionError at ClassLoader.java:-2

TestCanvas2D > testNegativeRadius() FAILED
    java.lang.RuntimeException at WaitForAsyncUtils.java:301
        Caused by: java.lang.UnsupportedClassVersionError at ClassLoader.java:-2

TestCanvas2D > testMaxWidthEdgeCases() FAILED
    java.lang.RuntimeException at WaitForAsyncUtils.java:301
        Caused by: java.lang.UnsupportedClassVersionError at ClassLoader.java:-2

TestCanvas2D > testBlendModeRendering() FAILED
    java.lang.RuntimeException at WaitForAsyncUtils.java:301
        Caused by: java.lang.UnsupportedClassVersionError at ClassLoader.java:-2

TestCanvas2D > testDrawFocusIfNeededWithPath2D() FAILED
    java.lang.RuntimeException at WaitForAsyncUtils.java:301
        Caused by: java.lang.UnsupportedClassVersionError at ClassLoader.java:-2

TestCanvas2D > testTextBaselineDetailed() FAILED
    java.lang.RuntimeException at WaitForAsyncUtils.java:301
        Caused by: java.lang.UnsupportedClassVersionError at ClassLoader.java:-2

TestCanvas2D > testImageSmoothingProperties() FAILED
    java.lang.RuntimeException at WaitForAsyncUtils.java:301
        Caused by: java.lang.UnsupportedClassVersionError at ClassLoader.java:-2

TestCanvas2D > testSaveRestore() FAILED
    java.lang.RuntimeException at WaitForAsyncUtils.java:301
        Caused by: java.lang.UnsupportedClassVersionError at ClassLoader.java:-2

TestCanvas2D > testBlendModes() FAILED
    java.lang.RuntimeException at WaitForAsyncUtils.java:301
        Caused by: java.lang.UnsupportedClassVersionError at ClassLoader.java:-2

TestCanvas2D > testIsPointInStroke() FAILED
    java.lang.RuntimeException at WaitForAsyncUtils.java:301
        Caused by: java.lang.UnsupportedClassVersionError at ClassLoader.java:-2

TestCanvas2D > testPath2DWithTransforms() FAILED
    java.lang.RuntimeException at WaitForAsyncUtils.java:301
        Caused by: java.lang.UnsupportedClassVersionError at ClassLoader.java:-2

TestCanvas2D > testQuadraticCurveTo() FAILED
    java.lang.RuntimeException at WaitForAsyncUtils.java:301
        Caused by: java.lang.UnsupportedClassVersionError at ClassLoader.java:-2

TestCanvas2D > testPath2DComplexShape() FAILED
    java.lang.RuntimeException at WaitForAsyncUtils.java:301
        Caused by: java.lang.UnsupportedClassVersionError at ClassLoader.java:-2

TestCanvas2D > testBezierCurveTo() FAILED
    java.lang.RuntimeException at WaitForAsyncUtils.java:301
        Caused by: java.lang.UnsupportedClassVersionError at ClassLoader.java:-2

TestCanvas2D > testClipWithFillRule() FAILED
    java.lang.RuntimeException at WaitForAsyncUtils.java:301
        Caused by: java.lang.UnsupportedClassVersionError at ClassLoader.java:-2

TestCanvas2D > testCompositeOperations() FAILED
    java.lang.RuntimeException at WaitForAsyncUtils.java:301
        Caused by: java.lang.UnsupportedClassVersionError at ClassLoader.java:-2

TestCanvas2D > testCreateImageData() FAILED
    java.lang.RuntimeException at WaitForAsyncUtils.java:301
        Caused by: java.lang.UnsupportedClassVersionError at ClassLoader.java:-2

TestCanvas2D > testMeasureText() FAILED
    java.lang.RuntimeException at WaitForAsyncUtils.java:301
        Caused by: java.lang.UnsupportedClassVersionError at ClassLoader.java:-2

TestCanvas2D > testEmptyPathStroke() FAILED
    java.lang.RuntimeException at WaitForAsyncUtils.java:301
        Caused by: java.lang.UnsupportedClassVersionError at ClassLoader.java:-2

TestCanvas2D > testNegativeDimensionsCreateImageData() FAILED
    java.lang.RuntimeException at WaitForAsyncUtils.java:301
        Caused by: java.lang.UnsupportedClassVersionError at ClassLoader.java:-2

TestCanvas2D > testShadowStateManagement() FAILED
    java.lang.RuntimeException at WaitForAsyncUtils.java:301
        Caused by: java.lang.UnsupportedClassVersionError at ClassLoader.java:-2

TestCanvas2D > testRoundRectWithArrayRadii() FAILED
    java.lang.RuntimeException at WaitForAsyncUtils.java:301
        Caused by: java.lang.UnsupportedClassVersionError at ClassLoader.java:-2

TestCanvas2D > testShadowRendering() FAILED
    java.lang.RuntimeException at WaitForAsyncUtils.java:301
        Caused by: java.lang.UnsupportedClassVersionError at ClassLoader.java:-2

TestCanvas2D > testPatternRepeatModes() FAILED
    java.lang.RuntimeException at WaitForAsyncUtils.java:301
        Caused by: java.lang.UnsupportedClassVersionError at ClassLoader.java:-2

TestCanvas2D > testGetTransform() FAILED
    java.lang.RuntimeException at WaitForAsyncUtils.java:301
        Caused by: java.lang.UnsupportedClassVersionError at ClassLoader.java:-2

TestCanvas2D > testPath2DCopyConstructor() FAILED
    java.lang.RuntimeException at WaitForAsyncUtils.java:301
        Caused by: java.lang.UnsupportedClassVersionError at ClassLoader.java:-2

TestCanvas2D > testLinearGradient() FAILED
    java.lang.RuntimeException at WaitForAsyncUtils.java:301
        Caused by: java.lang.UnsupportedClassVersionError at ClassLoader.java:-2

TestCanvas2D > testTextAlignMeasurement() FAILED
    java.lang.RuntimeException at WaitForAsyncUtils.java:301
        Caused by: java.lang.UnsupportedClassVersionError at ClassLoader.java:-2

TestFontFace > testFontFaceLoading() FAILED
    org.mozilla.javascript.EcmaError at TestFontFace.java:40

TestFontLoading > testFontFace() FAILED
    java.lang.RuntimeException at WaitForAsyncUtils.java:301
        Caused by: java.lang.UnsupportedClassVersionError at ClassLoader.java:-2

TestGraal > testGraalCanvas() FAILED
    java.lang.IllegalArgumentException at TestGraal.java:37

TestImageBitmap > testImageBitmapWithDrawImageVariants() FAILED
    java.lang.RuntimeException at WaitForAsyncUtils.java:301
        Caused by: java.lang.UnsupportedClassVersionError at ClassLoader.java:-2

TestImageBitmap > testOffscreenCanvasTransferToImageBitmap() FAILED
    java.lang.RuntimeException at WaitForAsyncUtils.java:301
        Caused by: java.lang.UnsupportedClassVersionError at ClassLoader.java:-2

TestImageBitmap > testCreateImageBitmapFromBlob() FAILED
    java.lang.RuntimeException at WaitForAsyncUtils.java:301
        Caused by: java.lang.UnsupportedClassVersionError at ClassLoader.java:-2

TestImageBitmap > testCreateImageBitmapFromOffscreenCanvas() FAILED
    java.lang.RuntimeException at WaitForAsyncUtils.java:301
        Caused by: java.lang.UnsupportedClassVersionError at ClassLoader.java:-2

TestImageBitmap > testCreateImageBitmapFromImageData() FAILED
    java.lang.RuntimeException at WaitForAsyncUtils.java:301
        Caused by: java.lang.UnsupportedClassVersionError at ClassLoader.java:-2

TestImageBitmap > testImageBitmapClose() FAILED
    java.lang.RuntimeException at WaitForAsyncUtils.java:301
        Caused by: java.lang.UnsupportedClassVersionError at ClassLoader.java:-2

TestImageBitmap > testDrawImageWithImageBitmap() FAILED
    java.lang.RuntimeException at WaitForAsyncUtils.java:301
        Caused by: java.lang.UnsupportedClassVersionError at ClassLoader.java:-2

TestImageBitmap > testCreateImageBitmapErrorHandling() FAILED
    java.lang.RuntimeException at WaitForAsyncUtils.java:301
        Caused by: java.lang.UnsupportedClassVersionError at ClassLoader.java:-2

TestImageBitmap > testCreateImageBitmapCopy() FAILED
    java.lang.RuntimeException at WaitForAsyncUtils.java:301
        Caused by: java.lang.UnsupportedClassVersionError at ClassLoader.java:-2

TestImageBitmap > testOffscreenCanvasConvertToBlob() FAILED
    java.lang.RuntimeException at WaitForAsyncUtils.java:301
        Caused by: java.lang.UnsupportedClassVersionError at ClassLoader.java:-2

TestImageBitmap > testCreateImageBitmapFromCanvas() FAILED
    java.lang.RuntimeException at WaitForAsyncUtils.java:301
        Caused by: java.lang.UnsupportedClassVersionError at ClassLoader.java:-2

TestJavaFX > testFillRect() FAILED
    java.lang.RuntimeException at WaitForAsyncUtils.java:301
        Caused by: java.lang.UnsupportedClassVersionError at ClassLoader.java:-2

TestJavaFX > testPureJavaFXArcTo() FAILED
    java.lang.RuntimeException at WaitForAsyncUtils.java:301
        Caused by: java.lang.UnsupportedClassVersionError at ClassLoader.java:-2

TestJavaFXFont > testDrawTextWithCustomFont() FAILED
    java.lang.RuntimeException at WaitForAsyncUtils.java:301
        Caused by: java.lang.UnsupportedClassVersionError at ClassLoader.java:-2

TestModernText > testWordSpacing() FAILED
    java.lang.RuntimeException at WaitForAsyncUtils.java:301
        Caused by: java.lang.UnsupportedClassVersionError at ClassLoader.java:-2

TestModernText > testDirection() FAILED
    java.lang.RuntimeException at WaitForAsyncUtils.java:301
        Caused by: java.lang.UnsupportedClassVersionError at ClassLoader.java:-2

TestModernText > testLetterSpacing() FAILED
    java.lang.RuntimeException at WaitForAsyncUtils.java:301
        Caused by: java.lang.UnsupportedClassVersionError at ClassLoader.java:-2

TestRenderingServer > testRenderRequest() FAILED
    org.opentest4j.AssertionFailedError at TestRenderingServer.java:59

TestRhino > testRhinoPath() FAILED
    java.lang.RuntimeException at WaitForAsyncUtils.java:301
        Caused by: java.lang.UnsupportedClassVersionError at ClassLoader.java:-2

TestSharedWorker > testSharedWorkerWithImageBitmap() FAILED
    java.lang.RuntimeException at WaitForAsyncUtils.java:301
        Caused by: java.lang.UnsupportedClassVersionError at ClassLoader.java:-2

TestSharedWorker > testSharedWorkerBasicCommunication() FAILED
    java.lang.RuntimeException at WaitForAsyncUtils.java:301
        Caused by: java.lang.UnsupportedClassVersionError at ClassLoader.java:-2

TestSharedWorker > testSharedWorkerMultipleConnections() FAILED
    java.lang.RuntimeException at WaitForAsyncUtils.java:301
        Caused by: java.lang.UnsupportedClassVersionError at ClassLoader.java:-2

TestSharedWorker > testSharedWorkerTermination() FAILED
    java.lang.RuntimeException at WaitForAsyncUtils.java:301
        Caused by: java.lang.UnsupportedClassVersionError at ClassLoader.java:-2

TestSharedWorker > testMessagePortCommunication() FAILED
    java.lang.RuntimeException at WaitForAsyncUtils.java:301
        Caused by: java.lang.UnsupportedClassVersionError at ClassLoader.java:-2

TestWorker > testWorkerDrawing() FAILED
    java.lang.RuntimeException at WaitForAsyncUtils.java:301
        Caused by: java.lang.UnsupportedClassVersionError at ClassLoader.java:-2

163 tests completed, 115 failed

> Task :test FAILED

FAILURE: Build failed with an exception.

* What went wrong:
Execution failed for task ':test'.
> There were failing tests. See the report at: file:///C:/wip/w3canvas/javacanvas/build/reports/tests/test/index.html

* Try:
> Run with --scan to get full insights.

BUILD FAILED in 45s
6 actionable tasks: 6 executed
