Initialized native services in: C:\Users\Char'les\.gradle\native
Initialized jansi services in: C:\Users\Char'les\.gradle\native
To honour the JVM settings for this build a single-use Daemon process will be forked. For more on this, please refer to https://docs.gradle.org/8.12/userguide/gradle_daemon.html#sec:disabling_the_daemon in the Gradle documentation.
Starting process 'Gradle build daemon'. Working directory: C:\Users\Char'les\.gradle\daemon\8.12 Command: C:\Program Files\Eclipse Adoptium\jdk-17.0.9.9-hotspot\bin\java.exe --add-opens=java.base/java.lang=ALL-UNNAMED --add-opens=java.base/java.lang.invoke=ALL-UNNAMED --add-opens=java.base/java.util=ALL-UNNAMED --add-opens=java.prefs/java.util.prefs=ALL-UNNAMED --add-exports=jdk.compiler/com.sun.tools.javac.api=ALL-UNNAMED --add-exports=jdk.compiler/com.sun.tools.javac.util=ALL-UNNAMED --add-opens=java.base/java.util=ALL-UNNAMED --add-opens=java.prefs/java.util.prefs=ALL-UNNAMED --add-opens=java.base/java.nio.charset=ALL-UNNAMED --add-opens=java.base/java.net=ALL-UNNAMED --add-opens=java.base/java.util.concurrent.atomic=ALL-UNNAMED --add-opens=java.xml/javax.xml.namespace=ALL-UNNAMED -XX:MaxMetaspaceSize=256m -Xmx512m -Dfile.encoding=windows-1252 -Duser.country=US -Duser.language=en -Duser.variant -cp C:\Users\Char'les\.gradle\wrapper\dists\gradle-8.12-bin\cetblhg4pflnnks72fxwobvgv\gradle-8.12\lib\gradle-daemon-main-8.12.jar -javaagent:C:\Users\Char'les\.gradle\wrapper\dists\gradle-8.12-bin\cetblhg4pflnnks72fxwobvgv\gradle-8.12\lib\agents\gradle-instrumentation-agent-8.12.jar org.gradle.launcher.daemon.bootstrap.GradleDaemon 8.12
Successfully started process 'Gradle build daemon'
An attempt to start the daemon took 1.033 secs.
The client will now receive all logging from the daemon (pid: 38572). The daemon log file: C:\Users\Char'les\.gradle\daemon\8.12\daemon-38572.out.log
Daemon will be stopped at the end of the build 
Using 1 worker leases.
Received JVM installation metadata from 'C:\Program Files\Eclipse Adoptium\jdk-17.0.9.9-hotspot': {JAVA_HOME=C:\Program Files\Eclipse Adoptium\jdk-17.0.9.9-hotspot, JAVA_VERSION=17.0.9, JAVA_VENDOR=Eclipse Adoptium, RUNTIME_NAME=OpenJDK Runtime Environment, RUNTIME_VERSION=17.0.9+9, VM_NAME=OpenJDK 64-Bit Server VM, VM_VERSION=17.0.9+9, VM_VENDOR=Eclipse Adoptium, OS_ARCH=amd64}
Watching the file system is configured to be enabled if available
Now considering [C:\wip\w3canvas\javacanvas] as hierarchies to watch
File system watching is active
Starting Build
Settings evaluated using settings file 'C:\wip\w3canvas\javacanvas\settings.gradle'.
Projects loaded. Root project using build file 'C:\wip\w3canvas\javacanvas\build.gradle'.
Included projects: [root project 'javacanvas']

> Configure project :
Evaluating root project 'javacanvas' using build file 'C:\wip\w3canvas\javacanvas\build.gradle'.
Resolved plugin [id: 'java']
Resolved plugin [id: 'application']
Resolved plugin [id: 'org.openjfx.javafxplugin', version: '0.1.0']
Resolved plugin [id: 'org.graalvm.buildtools.native', version: '0.9.28']
------------------------------------------------------------------------
Detecting the operating system and CPU architecture
------------------------------------------------------------------------
os.detected.name=windows
os.detected.arch=x86_64
os.detected.bitness=64
os.detected.version=10.0
os.detected.version.major=10
os.detected.version.minor=0
os.detected.classifier=windows-x86_64
[native-image-plugin] ====================
[native-image-plugin] Initializing project: javacanvas
[native-image-plugin] ====================
All projects evaluated.
[native-image-plugin] Not instrumenting task with native-image-agent: nativeCompile. Reason: Task does not match user predicate
Task name matched 'nativeCompile'
Selected primary task 'nativeCompile' from project :
[native-image-plugin] Not instrumenting task with native-image-agent: generateResourcesConfigFile. Reason: Task does not match user predicate
[native-image-plugin] Not instrumenting task with native-image-agent: compileJava. Reason: Task does not match user predicate

FAILURE: Build failed with an exception.

* What went wrong:
Could not determine the dependencies of task ':nativeCompile'.
> Could not resolve all dependencies for configuration ':nativeImageClasspath'.
   > Failed to calculate the value of task ':compileJava' property 'javaCompiler'.
      > Cannot find a Java installation on your machine matching this tasks requirements: {languageVersion=17, vendor=GraalVM Community, implementation=vendor-specific} for WINDOWS on x86_64.
         > No locally installed toolchains match and toolchain download repositories have not been configured.

* Try:
> Learn more about toolchain auto-detection at https://docs.gradle.org/8.12/userguide/toolchains.html#sec:auto_detection.
> Learn more about toolchain repositories at https://docs.gradle.org/8.12/userguide/toolchains.html#sub:download_repositories.
> Run with --stacktrace option to get the stack trace.
> Run with --debug option to get more log output.
> Run with --scan to get full insights.
> Get more help at https://help.gradle.org.

BUILD FAILED in 4s
Watched directory hierarchies: []
