Initialized native services in: C:\Users\Char'les\.gradle\native
Initialized jansi services in: C:\Users\Char'les\.gradle\native
To honour the JVM settings for this build a single-use Daemon process will be forked. For more on this, please refer to https://docs.gradle.org/8.12/userguide/gradle_daemon.html#sec:disabling_the_daemon in the Gradle documentation.
Starting process 'Gradle build daemon'. Working directory: C:\Users\Char'les\.gradle\daemon\8.12 Command: C:\Program Files\Eclipse Adoptium\jdk-17.0.9.9-hotspot\bin\java.exe --add-opens=java.base/java.lang=ALL-UNNAMED --add-opens=java.base/java.lang.invoke=ALL-UNNAMED --add-opens=java.base/java.util=ALL-UNNAMED --add-opens=java.prefs/java.util.prefs=ALL-UNNAMED --add-exports=jdk.compiler/com.sun.tools.javac.api=ALL-UNNAMED --add-exports=jdk.compiler/com.sun.tools.javac.util=ALL-UNNAMED --add-opens=java.base/java.util=ALL-UNNAMED --add-opens=java.prefs/java.util.prefs=ALL-UNNAMED --add-opens=java.base/java.nio.charset=ALL-UNNAMED --add-opens=java.base/java.net=ALL-UNNAMED --add-opens=java.base/java.util.concurrent.atomic=ALL-UNNAMED --add-opens=java.xml/javax.xml.namespace=ALL-UNNAMED -XX:MaxMetaspaceSize=256m -Xmx512m -Dfile.encoding=windows-1252 -Duser.country=US -Duser.language=en -Duser.variant -cp C:\Users\Char'les\.gradle\wrapper\dists\gradle-8.12-bin\cetblhg4pflnnks72fxwobvgv\gradle-8.12\lib\gradle-daemon-main-8.12.jar -javaagent:C:\Users\Char'les\.gradle\wrapper\dists\gradle-8.12-bin\cetblhg4pflnnks72fxwobvgv\gradle-8.12\lib\agents\gradle-instrumentation-agent-8.12.jar org.gradle.launcher.daemon.bootstrap.GradleDaemon 8.12
Successfully started process 'Gradle build daemon'
An attempt to start the daemon took 1.079 secs.
The client will now receive all logging from the daemon (pid: 14864). The daemon log file: C:\Users\Char'les\.gradle\daemon\8.12\daemon-14864.out.log
Daemon will be stopped at the end of the build 
Using 1 worker leases.
Received JVM installation metadata from 'C:\Program Files\Eclipse Adoptium\jdk-17.0.9.9-hotspot': {JAVA_HOME=C:\Program Files\Eclipse Adoptium\jdk-17.0.9.9-hotspot, JAVA_VERSION=17.0.9, JAVA_VENDOR=Eclipse Adoptium, RUNTIME_NAME=OpenJDK Runtime Environment, RUNTIME_VERSION=17.0.9+9, VM_NAME=OpenJDK 64-Bit Server VM, VM_VERSION=17.0.9+9, VM_VENDOR=Eclipse Adoptium, OS_ARCH=amd64}
Watching the file system is configured to be enabled if available
Now considering [C:\wip\w3canvas\javacanvas] as hierarchies to watch
File system watching is active
Starting Build
Resolved plugin [id: 'org.gradle.toolchains.foojay-resolver-convention', version: '0.8.0']
Settings evaluated using settings file 'C:\wip\w3canvas\javacanvas\settings.gradle'.
Projects loaded. Root project using build file 'C:\wip\w3canvas\javacanvas\build.gradle'.
Included projects: [root project 'javacanvas']

> Configure project :
Evaluating root project 'javacanvas' using build file 'C:\wip\w3canvas\javacanvas\build.gradle'.
Resolved plugin [id: 'java']
Resolved plugin [id: 'application']
Resolved plugin [id: 'org.openjfx.javafxplugin', version: '0.1.0']
Resolved plugin [id: 'org.graalvm.buildtools.native', version: '0.9.28']
------------------------------------------------------------------------
Detecting the operating system and CPU architecture
------------------------------------------------------------------------
os.detected.name=windows
os.detected.arch=x86_64
os.detected.bitness=64
os.detected.version=10.0
os.detected.version.major=10
os.detected.version.minor=0
os.detected.classifier=windows-x86_64
[native-image-plugin] ====================
[native-image-plugin] Initializing project: javacanvas
[native-image-plugin] ====================
All projects evaluated.
[native-image-plugin] Not instrumenting task with native-image-agent: nativeCompile. Reason: Task does not match user predicate
Task name matched 'nativeCompile'
Selected primary task 'nativeCompile' from project :
[native-image-plugin] Not instrumenting task with native-image-agent: generateResourcesConfigFile. Reason: Task does not match user predicate
[native-image-plugin] Not instrumenting task with native-image-agent: compileJava. Reason: Task does not match user predicate
Starting process 'command 'C:\Users\Char'les\.gradle\jdks\graalvm_community-17-amd64-windows.2\bin\java.exe''. Working directory: C:\Users\Char'les\.gradle\.tmp\tmp-jvm3777087623760380722probe Command: C:\Users\Char'les\.gradle\jdks\graalvm_community-17-amd64-windows.2\bin\java.exe -Xmx32m -Xms32m -cp . JavaProbe
Successfully started process 'command 'C:\Users\Char'les\.gradle\jdks\graalvm_community-17-amd64-windows.2\bin\java.exe''
Received JVM installation metadata from 'C:\Users\Char'les\.gradle\jdks\graalvm_community-17-amd64-windows.2': {JAVA_HOME=C:\Users\Char'les\.gradle\jdks\graalvm_community-17-amd64-windows.2, JAVA_VERSION=17.0.9, JAVA_VENDOR=GraalVM Community, RUNTIME_NAME=OpenJDK Runtime Environment, RUNTIME_VERSION=17.0.9+9-jvmci-23.0-b22, VM_NAME=OpenJDK 64-Bit Server VM, VM_VERSION=17.0.9+9-jvmci-23.0-b22, VM_VENDOR=GraalVM Community, OS_ARCH=amd64}
[native-image-plugin] Not instrumenting task with native-image-agent: jar. Reason: Task does not match user predicate
[native-image-plugin] Not instrumenting task with native-image-agent: processResources. Reason: Task does not match user predicate
[native-image-plugin] Not instrumenting task with native-image-agent: classes. Reason: Task does not match user predicate
Tasks to be executed: [task ':compileJava', task ':processResources', task ':classes', task ':jar', task ':generateResourcesConfigFile', task ':nativeCompile']
Tasks that were excluded: []
[native-image-plugin] Not instrumenting task with native-image-agent: clean. Reason: Task does not match user predicate
Resolve mutations for :compileJava (Thread[included builds,5,main]) started.
:compileJava (Thread[included builds,5,main]) started.

> Task :compileJava FAILED
Caching disabled for task ':compileJava' because:
  Build cache is disabled
Task ':compileJava' is not up-to-date because:
  Task has failed previously.
The input changes require a full rebuild for incremental task ':compileJava'.
Compilation mode: default, forking compiler
Full recompilation is required because no incremental change information is available. This is usually caused by clean builds or changing compiler arguments.
Compiling with toolchain 'C:\Users\Char'les\.gradle\jdks\graalvm_community-17-amd64-windows.2'.
Starting process 'Gradle Worker Daemon 1'. Working directory: C:\Users\Char'les\.gradle\workers Command: C:\Users\Char'les\.gradle\jdks\graalvm_community-17-amd64-windows.2\bin\java.exe --add-exports=jdk.compiler/com.sun.tools.javac.api=ALL-UNNAMED --add-exports=jdk.compiler/com.sun.tools.javac.util=ALL-UNNAMED @C:\Users\Char'les\.gradle\.tmp\gradle-worker-classpath12179480777210845342txt -Xmx512m -Dfile.encoding=windows-1252 -Duser.country=US -Duser.language=en -Duser.variant worker.org.gradle.process.internal.worker.GradleWorkerMain 'Gradle Worker Daemon 1'
Successfully started process 'Gradle Worker Daemon 1'
Error: Could not find or load main class worker.org.gradle.process.internal.worker.GradleWorkerMain
Caused by: java.lang.ClassNotFoundException: worker.org.gradle.process.internal.worker.GradleWorkerMain

FAILURE: Build failed with an exception.

* What went wrong:
Execution failed for task ':compileJava'.
> Failed to run Gradle Worker Daemon
   > Process 'Gradle Worker Daemon 1' finished with non-zero exit value 1

* Try:
> Run with --stacktrace option to get the stack trace.
> Run with --debug option to get more log output.
> Run with --scan to get full insights.
> Get more help at https://help.gradle.org.

BUILD FAILED in 5s
1 actionable task: 1 executed
Watched directory hierarchies: [C:\wip\w3canvas\javacanvas]
