To honour the JVM settings for this build a single-use Daemon process will be forked. For more on this, please refer to https://docs.gradle.org/8.12/userguide/gradle_daemon.html#sec:disabling_the_daemon in the Gradle documentation.
Daemon will be stopped at the end of the build 
> Task :compileJava UP-TO-DATE
> Task :processResources UP-TO-DATE
> Task :classes UP-TO-DATE
> Task :compileTestJava UP-TO-DATE
> Task :processTestResources UP-TO-DATE
> Task :testClasses UP-TO-DATE

> Task :test

TestSharedWorker > testSharedWorkerBasicCommunication() FAILED
    org.opentest4j.AssertionFailedError at TestSharedWorker.java:129

1 test completed, 1 failed

> Task :test FAILED

FAILURE: Build failed with an exception.

* What went wrong:
Execution failed for task ':test'.
> There were failing tests. See the report at: file:///C:/wip/w3canvas/javacanvas/build/reports/tests/test/index.html

* Try:
> Run with --scan to get full insights.

BUILD FAILED in 14s
5 actionable tasks: 1 executed, 4 up-to-date
