To honour the JVM settings for this build a single-use Daemon process will be forked. For more on this, please refer to https://docs.gradle.org/8.12/userguide/gradle_daemon.html#sec:disabling_the_daemon in the Gradle documentation.
Daemon will be stopped at the end of the build 
> Task :compileJava UP-TO-DATE
> Task :processResources UP-TO-DATE
> Task :classes UP-TO-DATE
> Task :compileTestJava
> Task :processTestResources UP-TO-DATE
> Task :testClasses

> Task :test

TestCanvas2D > testEllipse() FAILED
    org.opentest4j.AssertionFailedError at TestCanvas2D.java:805

TestCanvas2D > testDrawImage_5args() FAILED
    org.opentest4j.AssertionFailedError at TestCanvas2D.java:143

TestCanvas2D > testPath2DIsPointInPath() FAILED
    org.mozilla.javascript.EcmaError at TestCanvas2D.java:2179

TestCanvas2D > testClip() FAILED
    org.opentest4j.AssertionFailedError at TestCanvas2D.java:832

TestCanvas2D > testSetTransform() FAILED
    org.opentest4j.AssertionFailedError at TestCanvas2D.java:757

TestCanvas2D > testTransformations() FAILED
    org.opentest4j.AssertionFailedError at TestCanvas2D.java:733

TestCanvas2D > testMaxWidthScaling() FAILED
    org.opentest4j.AssertionFailedError at TestCanvas2D.java:143

TestCanvas2D > testMaxWidthEdgeCases() FAILED
    org.opentest4j.AssertionFailedError at TestCanvas2D.java:143

TestCanvas2D > testTextBaselineDetailed() FAILED
    org.opentest4j.AssertionFailedError at TestCanvas2D.java:143

85 tests completed, 9 failed

> Task :test FAILED

FAILURE: Build failed with an exception.

* What went wrong:
Execution failed for task ':test'.
> There were failing tests. See the report at: file:///C:/wip/w3canvas/javacanvas/build/reports/tests/test/index.html

* Try:
> Run with --scan to get full insights.

BUILD FAILED in 1m 11s
5 actionable tasks: 2 executed, 3 up-to-date
