Downloading https://services.gradle.org/distributions/gradle-8.12-bin.zip
.............10%.............20%.............30%.............40%.............50%.............60%.............70%.............80%.............90%.............100%

Welcome to Gradle 8.12!

Here are the highlights of this release:
 - Enhanced error and warning reporting with the Problems API
 - File-system watching support on Alpine Linux
 - Build and test Swift 6 libraries and apps

For more details see https://docs.gradle.org/8.12/release-notes.html

To honour the JVM settings for this build a single-use Daemon process will be forked. For more on this, please refer to https://docs.gradle.org/8.12/userguide/gradle_daemon.html#sec:disabling_the_daemon in the Gradle documentation.
Daemon will be stopped at the end of the build 

FAILURE: Build failed with an exception.

* What went wrong:
Could not determine the dependencies of task ':test'.
> Could not resolve all dependencies for configuration ':testRuntimeClasspath'.
   > Failed to calculate the value of task ':compileTestJava' property 'javaCompiler'.
      > Cannot find a Java installation on your machine matching this tasks requirements: {languageVersion=17, vendor=GraalVM Community, implementation=vendor-specific} for WINDOWS on x86_64.
         > No matching toolchain could be found in the locally installed toolchains or the configured toolchain download repositories. Some toolchain resolvers had provisioning failures: foojay (Unable to download toolchain matching the requirements ({languageVersion=17, vendor=GraalVM Community, implementation=vendor-specific}) from 'https://api.foojay.io/disco/v3.0/ids/e40aa1db9d0462e41b6eabf4feba3442/redirect', due to: Unable to move downloaded file to target destination).

* Try:
> Learn more about toolchain auto-detection at https://docs.gradle.org/8.12/userguide/toolchains.html#sec:auto_detection.
> Learn more about toolchain repositories at https://docs.gradle.org/8.12/userguide/toolchains.html#sub:download_repositories.
> Run with --stacktrace option to get the stack trace.
> Run with --info or --debug option to get more log output.
> Run with --scan to get full insights.
> Get more help at https://help.gradle.org.

BUILD FAILED in 1m 34s
