To honour the JVM settings for this build a single-use Daemon process will be forked. For more on this, please refer to https://docs.gradle.org/8.12/userguide/gradle_daemon.html#sec:disabling_the_daemon in the Gradle documentation.
Daemon will be stopped at the end of the build 
> Task :compileJava UP-TO-DATE
> Task :processResources UP-TO-DATE
> Task :classes UP-TO-DATE
> Task :compileTestJava UP-TO-DATE
> Task :processTestResources UP-TO-DATE
> Task :testClasses UP-TO-DATE

> Task :test

TestCanvas2D > testEllipse() FAILED
    java.lang.NullPointerException at TestCanvas2D.java:775

TestCanvas2D > testDrawImage_3args() FAILED
    java.lang.NullPointerException at TestCanvas2D.java:1541

TestCanvas2D > testDrawImage_5args() FAILED
    java.lang.NullPointerException at TestCanvas2D.java:1541

TestCanvas2D > testDrawImage_9args() FAILED
    java.lang.NullPointerException at TestCanvas2D.java:1541

TestCanvas2D > testPatternFromDifferentImageSources() FAILED
    java.lang.NullPointerException at TestCanvas2D.java:2999

TestCanvas2D > testStrokeTextWithAlignment() FAILED
    java.lang.NullPointerException at TestCanvas2D.java:1498

TestCanvas2D > testTextAlignDetailed() FAILED
    java.lang.NullPointerException at TestCanvas2D.java:1082

TestCanvas2D > testInvalidCreateImageData() FAILED
    java.lang.NullPointerException at TestCanvas2D.java:2491

TestCanvas2D > testVeryLargeCoordinates() FAILED
    java.lang.NullPointerException at TestCanvas2D.java:2806

TestCanvas2D > testArcToFill() FAILED
    java.lang.NullPointerException at TestCanvas2D.java:517

TestCanvas2D > testGlobalAlpha() FAILED
    java.lang.NullPointerException at TestCanvas2D.java:956

TestCanvas2D > testPath2DIsPointInPath() FAILED
    java.lang.NullPointerException at TestCanvas2D.java:2160

TestCanvas2D > testModernTextProperties() FAILED
    java.lang.NullPointerException at TestCanvas2D.java:1948

TestCanvas2D > testGetContextAttributes() FAILED
    java.lang.NullPointerException at TestCanvas2D.java:2315

TestCanvas2D > testRoundRectWithSingleRadius() FAILED
    java.lang.NullPointerException at TestCanvas2D.java:1776

TestCanvas2D > testArc() FAILED
    java.lang.NullPointerException at TestCanvas2D.java:465

TestCanvas2D > testPutImageDataWithDirtyRect() FAILED
    java.lang.NullPointerException at TestCanvas2D.java:3067

TestCanvas2D > testStrokeRect() FAILED
    java.lang.NullPointerException at TestCanvas2D.java:212

TestCanvas2D > testStrokeText() FAILED
    java.lang.NullPointerException at TestCanvas2D.java:168

TestCanvas2D > testTextAlignWithBaseline() FAILED
    java.lang.NullPointerException at TestCanvas2D.java:1275

TestCanvas2D > testCombinedNewFeatures() FAILED
    java.lang.NullPointerException at TestCanvas2D.java:2008

TestCanvas2D > testResetClearsAllState() FAILED
    java.lang.NullPointerException at TestCanvas2D.java:2348

TestCanvas2D > testArcTo() FAILED
    java.lang.NullPointerException at TestCanvas2D.java:490

TestCanvas2D > testModernTextStateManagement() FAILED
    java.lang.NullPointerException at TestCanvas2D.java:1978

TestCanvas2D > testPattern() FAILED
    java.lang.NullPointerException at TestCanvas2D.java:320

TestCanvas2D > testClip() FAILED
    java.lang.NullPointerException at TestCanvas2D.java:800

TestCanvas2D > testFill() FAILED
    java.lang.NullPointerException at TestCanvas2D.java:640

TestCanvas2D > testRect() FAILED
    java.lang.NullPointerException at TestCanvas2D.java:441

TestCanvas2D > testPath2DWithStroke() FAILED
    java.lang.NullPointerException at TestCanvas2D.java:2074

TestCanvas2D > testTextBaseline() FAILED
    java.lang.NullPointerException at TestCanvas2D.java:1042

TestCanvas2D > testLineStyles() FAILED
    java.lang.NullPointerException at TestCanvas2D.java:874

TestCanvas2D > testIsPointInStrokeWithArcTo() FAILED
    java.lang.NullPointerException at TestCanvas2D.java:1615

TestCanvas2D > testSetTransform() FAILED
    java.lang.NullPointerException at TestCanvas2D.java:728

TestCanvas2D > testMaxWidthWithAlignment() FAILED
    java.lang.NullPointerException at TestCanvas2D.java:1326

TestCanvas2D > testDegenerateTransformZeroScale() FAILED
    java.lang.NullPointerException at TestCanvas2D.java:2778

TestCanvas2D > testRadialGradient() FAILED
    java.lang.NullPointerException at TestCanvas2D.java:294

TestCanvas2D > testTransformations() FAILED
    java.lang.NullPointerException at TestCanvas2D.java:695

TestCanvas2D > testTextAlign() FAILED
    java.lang.NullPointerException at TestCanvas2D.java:1010

TestCanvas2D > testMaxWidthScaling() FAILED
    java.lang.NullPointerException at TestCanvas2D.java:1222

TestCanvas2D > testPutImageDataWithPartialDirtyRect() FAILED
    java.lang.NullPointerException at TestCanvas2D.java:3112

TestCanvas2D > testLineCap() FAILED
    java.lang.NullPointerException at TestCanvas2D.java:568

TestCanvas2D > testImageData() FAILED
    java.lang.NullPointerException at TestCanvas2D.java:419

TestCanvas2D > testPath2DBasicShape() FAILED
    java.lang.NullPointerException at TestCanvas2D.java:2050

TestCanvas2D > testResetTransform() FAILED
    java.lang.NullPointerException at TestCanvas2D.java:752

TestCanvas2D > testFillRect() FAILED
    java.lang.NullPointerException at TestCanvas2D.java:193

TestCanvas2D > testFillText() FAILED
    java.lang.NullPointerException at TestCanvas2D.java:143

TestCanvas2D > testEmptyPathFill() FAILED
    java.lang.NullPointerException at TestCanvas2D.java:2751

TestCanvas2D > testGlobalCompositeOperation() FAILED
    java.lang.NullPointerException at TestCanvas2D.java:231

TestCanvas2D > testPath2DAddPath() FAILED
    java.lang.NullPointerException at TestCanvas2D.java:2130

TestCanvas2D > testIsContextLost() FAILED
    java.lang.NullPointerException at TestCanvas2D.java:2291

TestCanvas2D > testDrawFocusIfNeeded() FAILED
    java.lang.NullPointerException at TestCanvas2D.java:3153

TestCanvas2D > testCreateConicGradient() FAILED
    java.lang.NullPointerException at TestCanvas2D.java:1850

TestCanvas2D > testIsPointInPath() FAILED
    java.lang.NullPointerException at TestCanvas2D.java:825

TestCanvas2D > testShadowProperties() FAILED
    java.lang.NullPointerException at TestCanvas2D.java:1642

TestCanvas2D > testImageSmoothingStateManagement() FAILED
    java.lang.NullPointerException at TestCanvas2D.java:1750

TestCanvas2D > testFillEvenOddRule() FAILED
    java.lang.NullPointerException at TestCanvas2D.java:2562

TestCanvas2D > testInvalidLineWidth() FAILED
    java.lang.NullPointerException at TestCanvas2D.java:2420

TestCanvas2D > testRoundRectZeroRadii() FAILED
    java.lang.NullPointerException at TestCanvas2D.java:1827

TestCanvas2D > testNegativeRadius() FAILED
    java.lang.NullPointerException at TestCanvas2D.java:2460

TestCanvas2D > testMaxWidthEdgeCases() FAILED
    java.lang.NullPointerException at TestCanvas2D.java:1436

TestCanvas2D > testBlendModeRendering() FAILED
    java.lang.NullPointerException at TestCanvas2D.java:1919

TestCanvas2D > testDrawFocusIfNeededWithPath2D() FAILED
    java.lang.NullPointerException at TestCanvas2D.java:3190

TestCanvas2D > testTextBaselineDetailed() FAILED
    java.lang.NullPointerException at TestCanvas2D.java:1147

TestCanvas2D > testImageSmoothingProperties() FAILED
    java.lang.NullPointerException at TestCanvas2D.java:1723

TestCanvas2D > testSaveRestore() FAILED
    java.lang.NullPointerException at TestCanvas2D.java:666

TestCanvas2D > testBlendModes() FAILED
    java.lang.NullPointerException at TestCanvas2D.java:1894

TestCanvas2D > testIsPointInStroke() FAILED
    java.lang.NullPointerException at TestCanvas2D.java:847

TestCanvas2D > testPath2DWithTransforms() FAILED
    java.lang.NullPointerException at TestCanvas2D.java:2213

TestCanvas2D > testQuadraticCurveTo() FAILED
    java.lang.NullPointerException at TestCanvas2D.java:544

TestCanvas2D > testPath2DComplexShape() FAILED
    java.lang.NullPointerException at TestCanvas2D.java:2185

TestCanvas2D > testBezierCurveTo() FAILED
    java.lang.NullPointerException at TestCanvas2D.java:616

TestCanvas2D > testClipWithFillRule() FAILED
    java.lang.NullPointerException at TestCanvas2D.java:2642

TestCanvas2D > testCompositeOperations() FAILED
    java.lang.NullPointerException at TestCanvas2D.java:1869

TestCanvas2D > testCreateImageData() FAILED
    java.lang.NullPointerException at TestCanvas2D.java:986

TestCanvas2D > testMeasureText() FAILED
    java.lang.NullPointerException at TestCanvas2D.java:399

TestCanvas2D > testEmptyPathStroke() FAILED
    java.lang.NullPointerException at TestCanvas2D.java:2723

TestCanvas2D > testNegativeDimensionsCreateImageData() FAILED
    java.lang.NullPointerException at TestCanvas2D.java:2837

TestCanvas2D > testShadowStateManagement() FAILED
    java.lang.NullPointerException at TestCanvas2D.java:1697

TestCanvas2D > testRoundRectWithArrayRadii() FAILED
    java.lang.NullPointerException at TestCanvas2D.java:1801

TestCanvas2D > testShadowRendering() FAILED
    java.lang.NullPointerException at TestCanvas2D.java:1668

TestCanvas2D > testPatternRepeatModes() FAILED
    java.lang.NullPointerException at TestCanvas2D.java:2888

TestCanvas2D > testGetTransform() FAILED
    java.lang.NullPointerException at TestCanvas2D.java:2246

TestCanvas2D > testPath2DCopyConstructor() FAILED
    java.lang.NullPointerException at TestCanvas2D.java:2102

TestCanvas2D > testLinearGradient() FAILED
    java.lang.NullPointerException at TestCanvas2D.java:253

TestCanvas2D > testTextAlignMeasurement() FAILED
    java.lang.NullPointerException at TestCanvas2D.java:1382

TestFontFace > testFontFaceLoading() FAILED
    org.mozilla.javascript.EcmaError at TestFontFace.java:40

TestFontLoading > testFontFace() FAILED
    java.lang.NullPointerException at TestFontLoading.java:118

TestGraal > testGraalCanvas() FAILED
    java.lang.IllegalArgumentException at TestGraal.java:37

TestImageBitmap > testImageBitmapWithDrawImageVariants() FAILED
    java.lang.NullPointerException at TestImageBitmap.java:77

TestImageBitmap > testOffscreenCanvasTransferToImageBitmap() FAILED
    java.lang.NullPointerException at TestImageBitmap.java:77

TestImageBitmap > testCreateImageBitmapFromBlob() FAILED
    java.lang.NullPointerException at TestImageBitmap.java:77

TestImageBitmap > testCreateImageBitmapFromOffscreenCanvas() FAILED
    java.lang.NullPointerException at TestImageBitmap.java:77

TestImageBitmap > testCreateImageBitmapFromImageData() FAILED
    java.lang.NullPointerException at TestImageBitmap.java:77

TestImageBitmap > testImageBitmapClose() FAILED
    java.lang.NullPointerException at TestImageBitmap.java:77

TestImageBitmap > testDrawImageWithImageBitmap() FAILED
    java.lang.NullPointerException at TestImageBitmap.java:77

TestImageBitmap > testCreateImageBitmapErrorHandling() FAILED
    java.lang.NullPointerException at TestImageBitmap.java:77

TestImageBitmap > testCreateImageBitmapCopy() FAILED
    java.lang.NullPointerException at TestImageBitmap.java:77

TestImageBitmap > testOffscreenCanvasConvertToBlob() FAILED
    java.lang.NullPointerException at TestImageBitmap.java:77

TestImageBitmap > testCreateImageBitmapFromCanvas() FAILED
    java.lang.NullPointerException at TestImageBitmap.java:77

TestJavaFX > testFillRect() FAILED
    java.lang.NullPointerException at TestJavaFX.java:73

TestJavaFXFont > testDrawTextWithCustomFont() FAILED
    org.opentest4j.AssertionFailedError at TestJavaFXFont.java:76

TestModernText > testWordSpacing() FAILED
    java.lang.NullPointerException at TestModernText.java:94

TestModernText > testDirection() FAILED
    java.lang.NullPointerException at TestModernText.java:151

TestModernText > testLetterSpacing() FAILED
    java.lang.NullPointerException at TestModernText.java:125

TestRenderingServer > testRenderRequest() FAILED
    org.opentest4j.AssertionFailedError at TestRenderingServer.java:59

TestRhino > testRhinoPath() FAILED
    java.lang.NullPointerException at TestRhino.java:57

TestSharedWorker > testSharedWorkerWithImageBitmap() FAILED
    java.lang.NullPointerException at TestSharedWorker.java:89

TestSharedWorker > testSharedWorkerBasicCommunication() FAILED
    java.lang.NullPointerException at TestSharedWorker.java:89

TestSharedWorker > testSharedWorkerMultipleConnections() FAILED
    java.lang.NullPointerException at TestSharedWorker.java:89

TestSharedWorker > testSharedWorkerTermination() FAILED
    java.lang.NullPointerException at TestSharedWorker.java:89

TestSharedWorker > testMessagePortCommunication() FAILED
    java.lang.NullPointerException at TestSharedWorker.java:89

TestWorker > testWorkerDrawing() FAILED
    java.lang.NullPointerException at TestWorker.java:71

163 tests completed, 112 failed

> Task :test FAILED

FAILURE: Build failed with an exception.

* What went wrong:
Execution failed for task ':test'.
> There were failing tests. See the report at: file:///C:/wip/w3canvas/javacanvas/build/reports/tests/test/index.html

* Try:
> Run with --scan to get full insights.

BUILD FAILED in 1m 9s
5 actionable tasks: 1 executed, 4 up-to-date
'ODE' is not recognized as an internal or external command,
operable program or batch file.
0 was unexpected at this time.
