-------------------------------------------------------------------------------
Test set: com.w3canvas.javacanvas.test.TestCanvas2D
-------------------------------------------------------------------------------
Tests run: 3, Failures: 3, Errors: 0, Skipped: 0, Time elapsed: 4.928 s <<< FAILURE! - in com.w3canvas.javacanvas.test.TestCanvas2D
com.w3canvas.javacanvas.test.TestCanvas2D.testStrokeRect  Time elapsed: 1.629 s  <<< FAILURE!
org.opentest4j.AssertionFailedError: Red component mismatch at (72,12) ==> expected: <0> but was: <255>
	at com.w3canvas.javacanvas.test.TestCanvas2D.assertPixel(TestCanvas2D.java:77)
	at com.w3canvas.javacanvas.test.TestCanvas2D.testStrokeRect(TestCanvas2D.java:108)

com.w3canvas.javacanvas.test.TestCanvas2D.testFillRect  Time elapsed: 1.669 s  <<< FAILURE!
org.opentest4j.AssertionFailedError: Red component mismatch at (5,5) ==> expected: <0> but was: <255>
	at com.w3canvas.javacanvas.test.TestCanvas2D.assertPixel(TestCanvas2D.java:77)
	at com.w3canvas.javacanvas.test.TestCanvas2D.testFillRect(TestCanvas2D.java:94)

com.w3canvas.javacanvas.test.TestCanvas2D.testGlobalCompositeOperation  Time elapsed: 1.622 s  <<< FAILURE!
org.opentest4j.AssertionFailedError: Red component mismatch at (15,15) ==> expected: <0> but was: <128>
	at com.w3canvas.javacanvas.test.TestCanvas2D.assertPixel(TestCanvas2D.java:77)
	at com.w3canvas.javacanvas.test.TestCanvas2D.testGlobalCompositeOperation(TestCanvas2D.java:125)
