-------------------------------------------------------------------------------
Test set: com.w3canvas.javacanvas.test.TestCanvas2D
-------------------------------------------------------------------------------
Tests run: 3, Failures: 3, Errors: 0, Skipped: 0, Time elapsed: 2.293 s <<< FAILURE! - in com.w3canvas.javacanvas.test.TestCanvas2D
com.w3canvas.javacanvas.test.TestCanvas2D.testStrokeRect  Time elapsed: 0.929 s  <<< FAILURE!
org.opentest4j.AssertionFailedError: Red component mismatch at (72,12) ==> expected: <0> but was: <255>
	at com.w3canvas.javacanvas.test.TestCanvas2D.assertPixel(TestCanvas2D.java:71)
	at com.w3canvas.javacanvas.test.TestCanvas2D.testStrokeRect(TestCanvas2D.java:102)

com.w3canvas.javacanvas.test.TestCanvas2D.testFillRect  Time elapsed: 0.705 s  <<< FAILURE!
org.opentest4j.AssertionFailedError: Red component mismatch at (5,5) ==> expected: <0> but was: <255>
	at com.w3canvas.javacanvas.test.TestCanvas2D.assertPixel(TestCanvas2D.java:71)
	at com.w3canvas.javacanvas.test.TestCanvas2D.testFillRect(TestCanvas2D.java:88)

com.w3canvas.javacanvas.test.TestCanvas2D.testGlobalCompositeOperation  Time elapsed: 0.648 s  <<< FAILURE!
org.opentest4j.AssertionFailedError: Red component mismatch at (15,15) ==> expected: <0> but was: <127>
	at com.w3canvas.javacanvas.test.TestCanvas2D.assertPixel(TestCanvas2D.java:71)
	at com.w3canvas.javacanvas.test.TestCanvas2D.testGlobalCompositeOperation(TestCanvas2D.java:119)

