-------------------------------------------------------------------------------
Test set: com.w3canvas.javacanvas.test.TestJavaFX
-------------------------------------------------------------------------------
Tests run: 1, Failures: 0, Errors: 1, Skipped: 0, Time elapsed: 0.335 s <<< FAILURE! - in com.w3canvas.javacanvas.test.TestJavaFX
com.w3canvas.javacanvas.test.TestJavaFX.testFillRect  Time elapsed: 0.065 s  <<< ERROR!
java.lang.NullPointerException: Cannot invoke "com.w3canvas.javacanvas.backend.rhino.impl.node.Document.getContentPane()" because the return value of "com.w3canvas.javacanvas.backend.rhino.impl.node.Document.getInstance()" is null
	at com.w3canvas.javacanvas.test.TestJavaFX.testFillRect(TestJavaFX.java:30)
