-------------------------------------------------------------------------------
Test set: com.w3canvas.javacanvas.test.TestWorker
-------------------------------------------------------------------------------
Tests run: 1, Failures: 1, Errors: 0, Skipped: 0, Time elapsed: 2.741 s <<< FAILURE! - in com.w3canvas.javacanvas.test.TestWorker
com.w3canvas.javacanvas.test.TestWorker.testWorkerDrawing  Time elapsed: 2.659 s  <<< FAILURE!
org.opentest4j.AssertionFailedError: Green component mismatch at (50,50) ==> expected: <128> but was: <0>
	at com.w3canvas.javacanvas.test.TestWorker.assertPixel(TestWorker.java:82)
	at com.w3canvas.javacanvas.test.TestWorker.testWorkerDrawing(TestWorker.java:99)
