<?xml version="1.0" encoding="UTF-8"?>
<testsuite xmlns:xsi="http://www.w3.org/2001/XMLSchema-instance" xsi:noNamespaceSchemaLocation="https://maven.apache.org/surefire/maven-surefire-plugin/xsd/surefire-test-report-3.0.xsd" version="3.0" name="com.w3canvas.javacanvas.test.TestWorker" time="2.741" tests="1" errors="0" skipped="0" failures="1">
  <properties>
[...]
</properties>
  <testcase name="testWorkerDrawing" classname="com.w3canvas.javacanvas.test.TestWorker" time="2.659">
    <failure type="org.opentest4j.AssertionFailedError"><![CDATA[org.opentest4j.AssertionFailedError: Green component mismatch at (50,50) ==> expected: <128> but was: <0>
	at com.w3canvas.javacanvas.test.TestWorker.assertPixel(TestWorker.java:82)
	at com.w3canvas.javacanvas.test.TestWorker.testWorkerDrawing(TestWorker.java:99)
]]></failure>
    <system-err><![CDATA[org.mozilla.javascript.EvaluatorException: Java constructor for "com.w3canvas.javacanvas.backend.rhino.impl.node.OffscreenCanvas" with arguments "number,number" not found. (unnamed script#2)
	at org.mozilla.javascript.DefaultErrorReporter.runtimeError(DefaultErrorReporter.java:79)
	at org.mozilla.javascript.Context.reportRuntimeError(Context.java:907)
	at org.mozilla.javascript.Context.reportRuntimeError(Context.java:963)
	at org.mozilla.javascript.Context.reportRuntimeErrorById(Context.java:914)
	at org.mozilla.javascript.NativeJavaClass.construct(NativeJavaClass.java:164)
	at org.mozilla.javascript.ScriptRuntime.newObject(ScriptRuntime.java:2680)
	at org.mozilla.javascript.gen.unnamed_script_14._c_script_0(unnamed script:2)
	at org.mozilla.javascript.gen.unnamed_script_14.call(unnamed script)
	at org.mozilla.javascript.ContextFactory.doTopCall(ContextFactory.java:380)
	at org.mozilla.javascript.ScriptRuntime.doTopCall(ScriptRuntime.java:3868)
	at org.mozilla.javascript.gen.unnamed_script_14.call(unnamed script)
	at org.mozilla.javascript.gen.unnamed_script_14.exec(unnamed script)
	at com.w3canvas.javacanvas.rt.RhinoScriptRunner.run(RhinoScriptRunner.java:38)
	at com.w3canvas.javacanvas.rt.RhinoRuntime.exec(RhinoRuntime.java:94)
	at com.w3canvas.javacanvas.js.worker.Worker$WorkerThread.run(Worker.java:144)
]]></system-err>
  </testcase>
</testsuite>