<?xml version="1.0" encoding="UTF-8"?>
<testsuite xmlns:xsi="http://www.w3.org/2001/XMLSchema-instance" xsi:noNamespaceSchemaLocation="https://maven.apache.org/surefire/maven-surefire-plugin/xsd/surefire-test-report-3.0.xsd" version="3.0" name="com.w3canvas.javacanvas.test.TestJavaFX" time="0.335" tests="1" errors="1" skipped="0" failures="0">
  <properties>
[...]
</properties>
  <testcase name="testFillRect" classname="com.w3canvas.javacanvas.test.TestJavaFX" time="0.065">
    <error type="java.lang.NullPointerException"><![CDATA[java.lang.NullPointerException: Cannot invoke "com.w3canvas.javacanvas.backend.rhino.impl.node.Document.getContentPane()" because the return value of "com.w3canvas.javacanvas.backend.rhino.impl.node.Document.getInstance()" is null
	at com.w3canvas.javacanvas.test.TestJavaFX.testFillRect(TestJavaFX.java:30)
]]></error>
  </testcase>
</testsuite>